C51 COMPILER V9.56.0.0   LED                                                               03/27/2025 09:28:34 PAGE 1   


C51 COMPILER V9.56.0.0, COMPILATION OF MODULE LED
OBJECT MODULE PLACED IN .\Objects\Led.obj
COMPILER INVOKED BY: E:\Keilv5\C51\BIN\C51.EXE ..\Driver\Led.c OPTIMIZE(8,SPEED) BROWSE INCDIR(..\Driver;..\Driver) DEBU
                    -G OBJECTEXTEND PRINT(.\Listings\Led.lst) TABS(2) OBJECT(.\Objects\Led.obj)

line level    source

   1          #include <Led.h>
   2          
   3          void Led_Disp(unsigned char addr,enable)
   4          {
   5   1        static unsigned char temp = 0x00;
   6   1        static unsigned char temp_old = 0xff;
   7   1        
   8   1        if(enable)
   9   1          temp |=  0x01 << addr;
  10   1        else
  11   1          temp &= ~(0x01 << addr);
  12   1        
  13   1        
  14   1        if(temp != temp_old)
  15   1        {
  16   2          P0 = ~temp;
  17   2          P2 = P2 & 0x1f | 0x80;
  18   2          P2 &= 0x1f;
  19   2          temp_old = temp;
  20   2        }
  21   1      }


MODULE INFORMATION:   STATIC OVERLAYABLE
   CODE SIZE        =     59    ----
   CONSTANT SIZE    =   ----    ----
   XDATA SIZE       =   ----    ----
   PDATA SIZE       =   ----    ----
   DATA SIZE        =      2    ----
   IDATA SIZE       =   ----    ----
   BIT SIZE         =   ----    ----
END OF MODULE INFORMATION.


C51 COMPILATION COMPLETE.  0 WARNING(S),  0 ERROR(S)
