C51 COMPILER V9.56.0.0   SEG                                                               03/27/2025 09:28:34 PAGE 1   


C51 COMPILER V9.56.0.0, COMPILATION OF MODULE SEG
OBJECT MODULE PLACED IN .\Objects\Seg.obj
COMPILER INVOKED BY: E:\Keilv5\C51\BIN\C51.EXE ..\Driver\Seg.c OPTIMIZE(8,SPEED) BROWSE INCDIR(..\Driver;..\Driver) DEBU
                    -G OBJECTEXTEND PRINT(.\Listings\Seg.lst) TABS(2) OBJECT(.\Objects\Seg.obj)

line level    source

   1          #include <Seg.h>
   2          unsigned char Seg_Dula[] = {
   3          0xc0, //0
   4          0xf9, //1
   5          0xa4, //2
   6          0xb0, //3
   7          0x99, //4
   8          0x92, //5
   9          0x82, //6
  10          0xf8, //7
  11          0x80, //8
  12          0x90, //9
  13          0x88, //A
  14          0x83, //b
  15          0xc6, //C
  16          0xa1, //d
  17          0x86, //E
  18          0x8e, //F
  19          0xff, //16
  20          0xc1,  //U 17 
  21          0xbf // - 18  
  22            };
  23            
  24          unsigned char Seg_Wela[] = {
  25            0x01,
  26            0x02,
  27            0x04,
  28            0x08,
  29            0x10,
  30            0x20,
  31            0x40,
  32            0x80
  33          };
  34            
  35          void Seg_Disp(unsigned char Dula, Wela, Point)
  36          {
  37   1        P0 = 0xff;
  38   1        P2 = P2 & 0x1f | 0xe0;
  39   1        P2 &= 0x1f;
  40   1        
  41   1        if(Point)
  42   1          P0 = Seg_Dula[Dula] & 0x7f;
  43   1        else
  44   1          P0 = Seg_Dula[Dula];
  45   1        P2 = P2 & 0x1f | 0xe0;
  46   1        P2 &= 0x1f;
  47   1        
  48   1        P0 = Seg_Wela[Wela];
  49   1        P2 = P2 & 0x1f | 0xc0;
  50   1        P2 &= 0x1f;
  51   1        
  52   1        
  53   1      }

C51 COMPILER V9.56.0.0   SEG                                                               03/27/2025 09:28:34 PAGE 2   


MODULE INFORMATION:   STATIC OVERLAYABLE
   CODE SIZE        =     66    ----
   CONSTANT SIZE    =   ----    ----
   XDATA SIZE       =   ----    ----
   PDATA SIZE       =   ----    ----
   DATA SIZE        =     27    ----
   IDATA SIZE       =   ----    ----
   BIT SIZE         =   ----    ----
END OF MODULE INFORMATION.


C51 COMPILATION COMPLETE.  0 WARNING(S),  0 ERROR(S)
