C51 COMPILER V9.56.0.0   MAIN                                                              03/22/2025 02:55:36 PAGE 1   


C51 COMPILER V9.56.0.0, COMPILATION OF MODULE MAIN
OBJECT MODULE PLACED IN .\Objects\main.obj
COMPILER INVOKED BY: E:\Keilv5\C51\BIN\C51.EXE main.c OPTIMIZE(8,SPEED) BROWSE INCDIR(..\Driver) DEBUG OBJECTEXTEND PRIN
                    -T(.\Listings\main.lst) TABS(2) OBJECT(.\Objects\main.obj)

line level    source

   1          /* 头文件声明区 */
   2          #include <STC15F2K60S2.H>
   3          #include <Init.h>
   4          #include <Led.h>
   5          #include <Seg.h>
   6          #include <Key.h>
   7          #include <intrins.h>
   8          #include <ds1302.h>
   9          #include <iic.h>
  10          #include <onewire.h>
  11          
  12          
  13          
  14          /* 变量声明区*/
  15          unsigned char Key_Up,Key_Down,Key_Old,Key_Val;
  16          unsigned int Key_Slow_Down,Seg_Slow_Down;
  17          unsigned char Seg_Pos;
  18          unsigned char Seg_Buf[8] = {10,10,10,10,10,10,10,10};
  19          unsigned char Seg_Point[8] = {0,0,0,0,0,0,0,0};
  20          unsigned char UcLed[8] = {0,0,0,0,0,0,0,0};
  21          unsigned char Rtc[3] = {0x23,0x59,0x55};//时间
  22          
  23          unsigned char Sys_Mode = 0;//0-温度 1-参数 2-DAC
  24          float T;
  25          unsigned char T_Data_Disp = 25;
  26          unsigned char T_Data = 25;//参数默认值为25；
  27          float V_Data;
  28          float V_Data_Disp;
  29          
  30          unsigned char Mode;
  31          
  32          /* 键盘处理函数 */
  33          void Key_Proc()
  34          {
  35   1        if(Key_Slow_Down) return;
  36   1        Key_Slow_Down = 1;
  37   1        
  38   1        Key_Val = Key_Read();
  39   1        Key_Down = Key_Val & (Key_Old ^ Key_Val);
  40   1        Key_Up =~Key_Val & (Key_Old ^ Key_Val);
  41   1        Key_Old = Key_Val;//持续按下
  42   1        
  43   1        
  44   1      
  45   1        switch(Key_Down)
  46   1        {
  47   2          case 4:
  48   2            if(++Sys_Mode >2) Sys_Mode = 0;
  49   2            if(Sys_Mode != 1) T_Data = T_Data_Disp;
  50   2          break;
  51   2          case 8:
  52   2            if(Sys_Mode == 1)
  53   2            {
  54   3              if(--T_Data_Disp>100) T_Data_Disp = 0;
C51 COMPILER V9.56.0.0   MAIN                                                              03/22/2025 02:55:36 PAGE 2   

  55   3            }
  56   2          break;
  57   2          case 9:
  58   2            if(Sys_Mode == 1)
  59   2            {
  60   3              if(++T_Data_Disp==255) T_Data_Disp = 100;
  61   3            }
  62   2          break;
  63   2          case 5:
  64   2          Mode ^= 1;
  65   2          break;
  66   2        }
  67   1      }
  68          
  69          /* 信息处理函数 */
  70          void Seg_Proc()
  71          {
  72   1        if(Seg_Slow_Down) return;
  73   1        Seg_Slow_Down = 1;
  74   1        
  75   1        switch(Sys_Mode)
  76   1        {
  77   2          case 0://温度界面
  78   2            Seg_Buf[0] = 12;
  79   2            Seg_Buf[1] = 16;
  80   2            Seg_Buf[2] = 16;
  81   2            Seg_Buf[3] = 16;
  82   2            Seg_Buf[4] = (unsigned char) T /10 % 10;
  83   2            Seg_Buf[5] = (unsigned char) T % 10;
  84   2            Seg_Buf[6] = (int)(T* 10)% 10;
  85   2            Seg_Buf[7] = (int)(T* 100)% 10;
  86   2            Seg_Point[5] = 1;
  87   2          break;
  88   2          case 1://参数设置
  89   2            Seg_Buf[0] = 17;
  90   2            Seg_Buf[1] = 16;
  91   2            Seg_Buf[2] = 16;
  92   2            Seg_Buf[3] = 16;
  93   2            Seg_Buf[4] = 16;
  94   2            Seg_Buf[5] = 16;
  95   2            Seg_Buf[6] = (T_Data_Disp /10) % 10;
  96   2            Seg_Buf[7] = T_Data_Disp % 10;
  97   2            Seg_Point[5] = 0;
  98   2          break;
  99   2          case 2://输出界面
 100   2            if(Mode == 0)//模式一
 101   2            {
 102   3              if(T<T_Data)
 103   3                V_Data = 0;
 104   3              else if (T>T_Data)
 105   3                V_Data = 5;
 106   3            }
 107   2            else//模式二
 108   2            {
 109   3              if(T<20)
 110   3                V_Data = 1;
 111   3              else if (T>20 && T<40)
 112   3                V_Data = 1+((T-20)*0.15);
 113   3              else if (T>40)
 114   3                V_Data = 4;
 115   3            }
 116   2                
C51 COMPILER V9.56.0.0   MAIN                                                              03/22/2025 02:55:36 PAGE 3   

 117   2            Seg_Buf[0] = 10;
 118   2            Seg_Buf[1] = 16;
 119   2            Seg_Buf[2] = 16;
 120   2            Seg_Buf[3] = 16;
 121   2            Seg_Buf[4] = 16;
 122   2            Seg_Buf[5] = (unsigned char)V_Data%10;
 123   2            Seg_Buf[6] = (unsigned int)(V_Data*100)/10 % 10;
 124   2            Seg_Buf[7] = (unsigned int)(V_Data*100) % 10;
 125   2            Seg_Point[5] = 1;
 126   2      
 127   2          break;
 128   2        }
 129   1        
 130   1        /* 信息读取函数 */
 131   1        Da_Write(V_Data * 50.1);
 132   1        T = Read_T();
 133   1        
 134   1        /* 数据处理函数 */
 135   1      
 136   1      }
 137          /* 其他显示函数*/
 138          void Led_Proc()
 139          {
 140   1      
 141   1        UcLed[0] = !Mode;
 142   1        
 143   1          if(Sys_Mode == 0)
 144   1            UcLed[1] = 1;
 145   1          else
 146   1            UcLed[1] = 0;
 147   1      
 148   1          if(Sys_Mode == 1)
 149   1            UcLed[2] = 1;
 150   1          else
 151   1            UcLed[2] = 0;
 152   1      
 153   1          if(Sys_Mode == 2)
 154   1            UcLed[3] = 1;
 155   1          else
 156   1            UcLed[3] = 0;
 157   1        
 158   1      }
 159          
 160          /* 中断服务函数 */
 161          void Timer0_Server() interrupt 1
 162          {
 163   1        if(++Key_Slow_Down == 10) Key_Slow_Down = 0;
 164   1        if(++Seg_Slow_Down == 100) Seg_Slow_Down = 0;
 165   1        if(++Seg_Pos == 8) Seg_Pos = 0;
 166   1        Seg_Disp(Seg_Pos,Seg_Buf[Seg_Pos],Seg_Point[Seg_Pos]);
 167   1        Led_Disp(Seg_Pos,UcLed[Seg_Pos]);
 168   1      
 169   1      }
 170          
 171          
 172          /* 定时器初始化函数 */
 173          void Timer0_Init(void)    //1毫秒@12.000MHz
 174          {
 175   1        AUXR &= 0x7F;     //定时器时钟12T模式
 176   1        TMOD &= 0xF0;     //设置定时器模式
 177   1        TL0 = 0x18;       //设置定时初始值
 178   1        TH0 = 0xFC;       //设置定时初始值
C51 COMPILER V9.56.0.0   MAIN                                                              03/22/2025 02:55:36 PAGE 4   

 179   1        TF0 = 0;        //清除TF0标志
 180   1        TR0 = 1;        //定时器0开始计时
 181   1        ET0 = 1;        //中断定时器0打开
 182   1        EA = 1;         //总中断打开
 183   1      }
 184          
 185          
 186          /* Main */
 187          void main()
 188          {
 189   1        System_Init();//系统初始化（关闭灯，蜂鸣器）
 190   1        Timer0_Init();//定时器初始化
 191   1      //  Set_Rtc(Rtc);设置时间
 192   1        
 193   1        while(1)
 194   1        {
 195   2          Seg_Proc();
 196   2          Key_Proc();
 197   2          Led_Proc();   
 198   2        }
 199   1      }
 200          
 201          
 202          


MODULE INFORMATION:   STATIC OVERLAYABLE
   CODE SIZE        =    868    ----
   CONSTANT SIZE    =   ----    ----
   XDATA SIZE       =   ----    ----
   PDATA SIZE       =   ----    ----
   DATA SIZE        =     52    ----
   IDATA SIZE       =   ----    ----
   BIT SIZE         =   ----    ----
END OF MODULE INFORMATION.


C51 COMPILATION COMPLETE.  0 WARNING(S),  0 ERROR(S)
