C51 COMPILER V9.56.0.0   DS1302                                                            04/11/2025 03:10:36 PAGE 1   


C51 COMPILER V9.56.0.0, COMPILATION OF MODULE DS1302
OBJECT MODULE PLACED IN .\Objects\ds1302.obj
COMPILER INVOKED BY: E:\Keilv5\C51\BIN\C51.EXE ..\Driver\ds1302.c OPTIMIZE(8,SPEED) BROWSE INCDIR(..\Driver) DEBUG OBJEC
                    -TEXTEND PRINT(.\Listings\ds1302.lst) TABS(2) OBJECT(.\Objects\ds1302.obj)

line level    source

   1          /*  #   DS1302ä»£ç ç‰‡æ®µè¯´æ˜
   2            1.  æœ¬æ–‡ä»¶å¤¹ä¸­æä¾›çš„é©±åŠ¨ä»£ç ä¾›å‚èµ›é€‰æ‰‹å®Œæˆç¨‹åºè®¾è®¡å‚è€ƒã€‚
   3            2.  å‚èµ›é€‰æ‰‹å¯ä»¥è‡ªè¡Œç¼–å†™ç›¸å…³ä»£ç æˆ–ä»¥è¯¥ä»£ç ä¸ºåŸºç¡€ï¼Œæ ¹æ®æ‰€é€‰å•ç‰‡æœºç±»å‹ã€è¿
             -è¡Œé€Ÿåº¦å’Œè¯•é¢˜
   4              ä¸­å¯¹å•ç‰‡æœºæ—¶é’Ÿé¢‘ç‡çš„è¦æ±‚ï¼Œè¿›è¡Œä»£ç è°ƒè¯•å’Œä¿®æ”¹ã€‚
   5          */                
   6          
   7          //
   8          #include <intrins.h>
   9          #include <ds1302.h>
  10          sbit SCK = P1^7;
  11          sbit SDA = P2^3;
  12          sbit RST = P1^3;
  13          void Write_Ds1302(unsigned  char temp) 
  14          {
  15   1        unsigned char i;
  16   1        for (i=0;i<8;i++)       
  17   1        { 
  18   2          SCK = 0;
  19   2          SDA = temp&0x01;
  20   2          temp>>=1; 
  21   2          SCK=1;
  22   2        }
  23   1      }   
  24          
  25          //
  26          void Write_Ds1302_Byte( unsigned char address,unsigned char dat )     
  27          {
  28   1        RST=0;  _nop_();
  29   1        SCK=0;  _nop_();
  30   1        RST=1;  _nop_();  
  31   1        Write_Ds1302(address);  
  32   1        Write_Ds1302(dat);    
  33   1        RST=0; 
  34   1      }
  35          
  36          //
  37          unsigned char Read_Ds1302_Byte ( unsigned char address )
  38          {
  39   1        unsigned char i,temp=0x00;
  40   1        RST=0;  _nop_();
  41   1        SCK=0;  _nop_();
  42   1        RST=1;  _nop_();
  43   1        Write_Ds1302(address);
  44   1        for (i=0;i<8;i++)   
  45   1        {   
  46   2          SCK=0;
  47   2          temp>>=1; 
  48   2          if(SDA)
  49   2          temp|=0x80; 
  50   2          SCK=1;
  51   2        } 
  52   1        RST=0;  _nop_();
  53   1        SCK=0;  _nop_();
C51 COMPILER V9.56.0.0   DS1302                                                            04/11/2025 03:10:36 PAGE 2   

  54   1        SCK=1;  _nop_();
  55   1        SDA=0;  _nop_();
  56   1        SDA=1;  _nop_();
  57   1        return (temp);      
  58   1      }
  59          
  60          void Write_Rtc(unsigned char *ucRtc)
  61          {
  62   1        Write_Ds1302_Byte(0x8e,0x00);
  63   1        Write_Ds1302_Byte(0x80,0x00);
  64   1        Write_Ds1302_Byte(0x84,ucRtc[0]);
  65   1        Write_Ds1302_Byte(0x82,ucRtc[1]);
  66   1        Write_Ds1302_Byte(0x80,ucRtc[2]);
  67   1        Write_Ds1302_Byte(0x8e,0x80);
  68   1      }
  69          
  70          void Read_Rtc(unsigned char *ucRtc)
  71          {
  72   1      EA = 0;
  73   1        ucRtc[0] = Read_Ds1302_Byte(0x85);
  74   1        ucRtc[1] = Read_Ds1302_Byte(0x83);
  75   1        ucRtc[2] = Read_Ds1302_Byte(0x81);
  76   1      
  77   1      EA = 1;
  78   1      }


MODULE INFORMATION:   STATIC OVERLAYABLE
   CODE SIZE        =    181    ----
   CONSTANT SIZE    =   ----    ----
   XDATA SIZE       =   ----    ----
   PDATA SIZE       =   ----    ----
   DATA SIZE        =   ----    ----
   IDATA SIZE       =   ----    ----
   BIT SIZE         =   ----    ----
END OF MODULE INFORMATION.


C51 COMPILATION COMPLETE.  0 WARNING(S),  0 ERROR(S)
