C51 COMPILER V9.56.0.0   KEY                                                               04/11/2025 03:10:36 PAGE 1   


C51 COMPILER V9.56.0.0, COMPILATION OF MODULE KEY
OBJECT MODULE PLACED IN .\Objects\Key.obj
COMPILER INVOKED BY: E:\Keilv5\C51\BIN\C51.EXE ..\Driver\Key.c OPTIMIZE(8,SPEED) BROWSE INCDIR(..\Driver) DEBUG OBJECTEX
                    -TEND PRINT(.\Listings\Key.lst) TABS(2) OBJECT(.\Objects\Key.obj)

line level    source

   1          #include<Key.h>
   2          
   3          unsigned char Key_Read()
   4          {
   5   1        unsigned char temp = 0;
   6   1        
   7   1        P44 = 0; P42 = 1; P35 = 1; P34 = 1;
   8   1        //if(P30 == 0) temp = 7;
   9   1        if(P31 == 0) temp = 99;
  10   1        if(P32 == 0) temp = 12;//key 5
  11   1        if(P33 == 0) temp = 11;//key 4
  12   1        
  13   1        P44 = 1; P42 = 0; P35 = 1; P34 = 1;
  14   1      //  if(P30 == 0) temp = 11;
  15   1        if(P31 == 0) temp = 1;
  16   1        if(P32 == 0) temp = 4;
  17   1        if(P33 == 0) temp = 7;
  18   1        
  19   1        P44 = 1; P42 = 1; P35 = 0; P34 = 1;
  20   1        if(P30 == 0) temp = 15;
  21   1        if(P31 == 0) temp = 2;
  22   1        if(P32 == 0) temp = 5;
  23   1        if(P33 == 0) temp = 8;
  24   1      
  25   1        P44 = 1; P42 = 1; P35 = 1; P34 = 0;
  26   1        if(P30 == 0) temp = 19;
  27   1        if(P31 == 0) temp = 3;
  28   1        if(P32 == 0) temp = 6;
  29   1        if(P33 == 0) temp = 9;
  30   1        
  31   1        return temp;
  32   1      
  33   1      }


MODULE INFORMATION:   STATIC OVERLAYABLE
   CODE SIZE        =    105    ----
   CONSTANT SIZE    =   ----    ----
   XDATA SIZE       =   ----    ----
   PDATA SIZE       =   ----    ----
   DATA SIZE        =   ----    ----
   IDATA SIZE       =   ----    ----
   BIT SIZE         =   ----    ----
END OF MODULE INFORMATION.


C51 COMPILATION COMPLETE.  0 WARNING(S),  0 ERROR(S)
