C51 COMPILER V9.56.0.0   SEG                                                               04/10/2025 01:32:22 PAGE 1   


C51 COMPILER V9.56.0.0, COMPILATION OF MODULE SEG
OBJECT MODULE PLACED IN .\Objects\Seg.obj
COMPILER INVOKED BY: E:\Keilv5\C51\BIN\C51.EXE ..\Driver\Seg.c OPTIMIZE(8,SPEED) BROWSE INCDIR(..\Driver) DEBUG OBJECTEX
                    -TEND PRINT(.\Listings\Seg.lst) TABS(2) OBJECT(.\Objects\Seg.obj)

line level    source

   1          #include<Seg.h>
   2          
   3          unsigned char Seg_Dula[]={0xc0,0xf9,0xa4,0xb0,0x99,0x92,0x82,0xf8,0x80,0x90,0xff,0x88,0x8c,0x86,0xbf};//a1
             -1 p12 e13 -14
   4          unsigned char Seg_Wela[]={0x01,0x02,0x04,0x08,0x10,0x20,0x40,0x80};
   5          
   6          void Seg_Disp(Wela,Dula,Point)
   7          {
   8   1        unsigned char temp = 0;
   9   1        
  10   1        P0 = 0xff;
  11   1        temp = (P2 & 0x1f) | 0xe0;
  12   1        P2 = temp;
  13   1        temp = P2 & 0x1f;
  14   1        P2 = temp;
  15   1        
  16   1        P0 = Seg_Wela[Wela];
  17   1        temp = (P2 & 0x1f) | 0xc0;
  18   1        P2 = temp;
  19   1        temp = P2 & 0x1f;
  20   1        P2 = temp;
  21   1        
  22   1        P0 = Seg_Dula[Dula];
  23   1        if(Point)
  24   1          P0 &= 0x7f; 
  25   1        temp = (P2 & 0x1f) | 0xe0;
  26   1        P2 = temp;
  27   1        temp = P2 & 0x1f;
  28   1        P2 = temp;
  29   1      }


MODULE INFORMATION:   STATIC OVERLAYABLE
   CODE SIZE        =     67    ----
   CONSTANT SIZE    =   ----    ----
   XDATA SIZE       =   ----    ----
   PDATA SIZE       =   ----    ----
   DATA SIZE        =     23    ----
   IDATA SIZE       =   ----    ----
   BIT SIZE         =   ----    ----
END OF MODULE INFORMATION.


C51 COMPILATION COMPLETE.  0 WARNING(S),  0 ERROR(S)
