C51 COMPILER V9.56.0.0   INIT                                                              04/09/2025 02:09:51 PAGE 1   


C51 COMPILER V9.56.0.0, COMPILATION OF MODULE INIT
OBJECT MODULE PLACED IN .\Objects\Init.obj
COMPILER INVOKED BY: E:\Keilv5\C51\BIN\C51.EXE ..\Driver\Init.c OPTIMIZE(8,SPEED) BROWSE INCDIR(..\Driver) DEBUG OBJECTE
                    -XTEND PRINT(.\Listings\Init.lst) TABS(2) OBJECT(.\Objects\Init.obj)

line level    source

   1          #include <Init.h>
   2          
   3          void Sys_Init()
   4          {
   5   1        unsigned char temp = 0;
   6   1        
   7   1        P0 = 0xff;//µÆ
   8   1        temp = (P2 & 0x1f) | 0x80;
   9   1        P2 = temp;
  10   1        temp = P2 & 0x1f;
  11   1        P2 = temp;
  12   1        
  13   1        P0 = 0x00;//·äÃùÆ÷ºÍ¼ÌµçÆ÷
  14   1        temp = (P2 & 0x1f) | 0xa0;
  15   1        P2 = temp;
  16   1        temp = P2 & 0x1f;
  17   1        P2 = temp;
  18   1      }


MODULE INFORMATION:   STATIC OVERLAYABLE
   CODE SIZE        =     35    ----
   CONSTANT SIZE    =   ----    ----
   XDATA SIZE       =   ----    ----
   PDATA SIZE       =   ----    ----
   DATA SIZE        =   ----    ----
   IDATA SIZE       =   ----    ----
   BIT SIZE         =   ----    ----
END OF MODULE INFORMATION.


C51 COMPILATION COMPLETE.  0 WARNING(S),  0 ERROR(S)
