C51 COMPILER V9.56.0.0   KEY                                                               04/09/2025 02:09:51 PAGE 1   


C51 COMPILER V9.56.0.0, COMPILATION OF MODULE KEY
OBJECT MODULE PLACED IN .\Objects\Key.obj
COMPILER INVOKED BY: E:\Keilv5\C51\BIN\C51.EXE ..\Driver\Key.c OPTIMIZE(8,SPEED) BROWSE INCDIR(..\Driver) DEBUG OBJECTEX
                    -TEND PRINT(.\Listings\Key.lst) TABS(2) OBJECT(.\Objects\Key.obj)

line level    source

   1          #include <Key.h>
   2          
   3          unsigned char Key_Read()
   4          {
   5   1        unsigned char temp = 0;
   6   1        
   7   1        P44 = 0; P42 = 1; P35 = 1; P34 = 1;
   8   1        if(P30 == 0) temp = 7;
   9   1        if(P31 == 0) temp = 6;
  10   1        if(P32 == 0) temp = 5;
  11   1        if(P33 == 0) temp = 4;
  12   1        P44 = 1; P42 = 0; P35 = 1; P34 = 1;
  13   1        if(P30 == 0) temp = 11;
  14   1        if(P31 == 0) temp = 10;
  15   1        if(P32 == 0) temp = 9;
  16   1        if(P33 == 0) temp = 8;
  17   1        P44 = 1; P42 = 1; P35 = 0; P34 = 1;
  18   1        if(P30 == 0) temp = 15;
  19   1        if(P31 == 0) temp = 14;
  20   1        if(P32 == 0) temp = 13;
  21   1        if(P33 == 0) temp = 12;
  22   1        P44 = 1; P42 = 1; P35 = 1; P34 = 0;
  23   1        if(P30 == 0) temp = 19;
  24   1        if(P31 == 0) temp = 18;
  25   1        if(P32 == 0) temp = 17;
  26   1        if(P33 == 0) temp = 16;
  27   1        
  28   1        return temp;
  29   1      }


MODULE INFORMATION:   STATIC OVERLAYABLE
   CODE SIZE        =    115    ----
   CONSTANT SIZE    =   ----    ----
   XDATA SIZE       =   ----    ----
   PDATA SIZE       =   ----    ----
   DATA SIZE        =   ----    ----
   IDATA SIZE       =   ----    ----
   BIT SIZE         =   ----    ----
END OF MODULE INFORMATION.


C51 COMPILATION COMPLETE.  0 WARNING(S),  0 ERROR(S)
