C51 COMPILER V9.56.0.0   SEG                                                               04/09/2025 02:09:51 PAGE 1   


C51 COMPILER V9.56.0.0, COMPILATION OF MODULE SEG
OBJECT MODULE PLACED IN .\Objects\Seg.obj
COMPILER INVOKED BY: E:\Keilv5\C51\BIN\C51.EXE ..\Driver\Seg.c OPTIMIZE(8,SPEED) BROWSE INCDIR(..\Driver) DEBUG OBJECTEX
                    -TEND PRINT(.\Listings\Seg.lst) TABS(2) OBJECT(.\Objects\Seg.obj)

line level    source

   1          #include <Seg.h>
   2          
   3          unsigned char Dula[] = {0xc0,0xf9,0xa4,0xb0,0x99,0x92,0x82,0xf8,0x80,0x90,0xff,0xc6,0x86,0x89};//11C 12E 1
             -3H
   4          unsigned char Wela[] = {0x01,0x02,0x04,0x08,0x10,0x20,0x40,0x80};
   5          
   6          
   7          void Seg_Disp(unsigned char Seg_Dula,Seg_Wela,Seg_Point)
   8          {
   9   1        unsigned char temp;
  10   1        
  11   1        P0 = 0xff;
  12   1        temp = (P2 & 0x1f) | 0xe0;
  13   1        P2 = temp;
  14   1        temp = P2 & 0x1f;
  15   1        P2 = temp;
  16   1        
  17   1        P0 = Wela[Seg_Wela];
  18   1        temp = (P2 & 0x1f) | 0xc0;
  19   1        P2 = temp;
  20   1        temp = P2 & 0x1f;
  21   1        P2 = temp;
  22   1      
  23   1        P0 = Dula[Seg_Dula];
  24   1        if(Seg_Point)
  25   1          P0 &= 0x7f;
  26   1        temp = (P2 & 0x1f) | 0xe0;
  27   1        P2 = temp;
  28   1        temp = P2 & 0x1f;
  29   1        P2 = temp;
  30   1        
  31   1      
  32   1      } 


MODULE INFORMATION:   STATIC OVERLAYABLE
   CODE SIZE        =     69    ----
   CONSTANT SIZE    =   ----    ----
   XDATA SIZE       =   ----    ----
   PDATA SIZE       =   ----    ----
   DATA SIZE        =     22    ----
   IDATA SIZE       =   ----    ----
   BIT SIZE         =   ----    ----
END OF MODULE INFORMATION.


C51 COMPILATION COMPLETE.  0 WARNING(S),  0 ERROR(S)
