C51 COMPILER V9.56.0.0   INIT                                                              03/09/2025 20:08:07 PAGE 1   


C51 COMPILER V9.56.0.0, COMPILATION OF MODULE INIT
OBJECT MODULE PLACED IN .\Objects\Init.obj
COMPILER INVOKED BY: E:\Keilv5\C51\BIN\C51.EXE ..\Driver\Init.c OPTIMIZE(8,SPEED) BROWSE INCDIR(..\Driver) DEBUG OBJECTE
                    -XTEND PRINT(.\Listings\Init.lst) TABS(2) OBJECT(.\Objects\Init.obj)

line level    source

   1          #include "Init.h"
   2          #include <STC15F2K60S2.H>
   3          
   4          void Sys_Init()
   5          {
   6   1        P0 = 0xff;//LedÈ«Ãð
   7   1        P2 = P2 & 0x1f | 0x80;
   8   1        P2 &= 0x1f;
   9   1        
  10   1        P0 = 0x00;//¹Ø±Õ·äÃùÆ÷¡¢¼ÌµçÆ÷
  11   1        P2 = P2 & 0x1f | 0xa0;
  12   1        P2 &= 0x1f;
  13   1      }


MODULE INFORMATION:   STATIC OVERLAYABLE
   CODE SIZE        =     29    ----
   CONSTANT SIZE    =   ----    ----
   XDATA SIZE       =   ----    ----
   PDATA SIZE       =   ----    ----
   DATA SIZE        =   ----    ----
   IDATA SIZE       =   ----    ----
   BIT SIZE         =   ----    ----
END OF MODULE INFORMATION.


C51 COMPILATION COMPLETE.  0 WARNING(S),  0 ERROR(S)
