C51 COMPILER V9.56.0.0   INIT                                                              03/24/2025 23:14:53 PAGE 1   


C51 COMPILER V9.56.0.0, COMPILATION OF MODULE INIT
OBJECT MODULE PLACED IN .\Objects\Init.obj
COMPILER INVOKED BY: E:\Keilv5\C51\BIN\C51.EXE ..\Drive\Init.c OPTIMIZE(8,SPEED) BROWSE INCDIR(..\Drive) DEBUG OBJECTEXT
                    -END PRINT(.\Listings\Init.lst) TABS(2) OBJECT(.\Objects\Init.obj)

line level    source

   1          #include "Init.h"
   2          
   3          void System_Init()
   4          {
   5   1        P0 = 0xff; //Led 全关
   6   1        P2 = P2 & 0x1f | 0x80; // 0x1f = 00011111 0x80 = 10000000
   7   1        P2 &= 0x1f;
   8   1        
   9   1        P0 = 0x00; //蜂鸣器 关
  10   1        P2 = P2 & 0x1f | 0xa0;// 0xa0 = 10100000 74h138的Y5给0 经过或非门 Y5和WR都为0时 Y5C 输出为 1 ，则锁存器使
             -能，左边数据可以通过右边数据
  11   1        P2 &= 0x1f; //P2  高三位为0 则 74h138的Y5给1 经过或非门 Y5C 输出为 0 ，则锁存器锁住数据
  12   1      }
  13           


MODULE INFORMATION:   STATIC OVERLAYABLE
   CODE SIZE        =     29    ----
   CONSTANT SIZE    =   ----    ----
   XDATA SIZE       =   ----    ----
   PDATA SIZE       =   ----    ----
   DATA SIZE        =   ----    ----
   IDATA SIZE       =   ----    ----
   BIT SIZE         =   ----    ----
END OF MODULE INFORMATION.


C51 COMPILATION COMPLETE.  0 WARNING(S),  0 ERROR(S)
