C51 COMPILER V9.56.0.0   MAIN                                                              03/24/2025 23:14:53 PAGE 1   


C51 COMPILER V9.56.0.0, COMPILATION OF MODULE MAIN
OBJECT MODULE PLACED IN .\Objects\main.obj
COMPILER INVOKED BY: E:\Keilv5\C51\BIN\C51.EXE main.c OPTIMIZE(8,SPEED) BROWSE INCDIR(..\Drive) DEBUG OBJECTEXTEND PRINT
                    -(.\Listings\main.lst) TABS(2) OBJECT(.\Objects\main.obj)

line level    source

   1          /* 头文件声明区 */
   2          #include <STC15F2K60S2.H>
   3          #include <Init.h>
   4          #include <Led.h>
   5          #include <Seg.h>
   6          #include <Key.h>
   7          #include <intrins.h>
   8          #include <ds1302.h>
   9          #include <onewire.h>
  10          #include <iic.h>
  11          
  12          
  13          
  14          /* 变量声明区*/
  15          unsigned char Key_Up,Key_Down,Key_Old,Key_Val;
  16          unsigned int Key_Slow_Down,Seg_Slow_Down;
  17          unsigned char Seg_Pos;
  18          unsigned char Seg_Buf[8] = {10,10,10,10,10,10,10,10};
  19          unsigned char Seg_Point[8] = {0,0,0,0,0,0,0,0};
  20          unsigned char ucLed[8] = {0,0,0,0,0,0,0,0};
  21          unsigned char Rtc[3] = {0x23,0x59,0x55};//时间
  22          
  23          /* 键盘处理函数 */
  24          void Key_Proc()
  25          {
  26   1        if(Key_Slow_Down) return;
  27   1        Key_Slow_Down = 1;
  28   1        
  29   1        Key_Val = Key_Read();
  30   1        Key_Down = Key_Val & (Key_Val ^ Key_Old);
  31   1        Key_Up =~Key_Val & (Key_Val ^ Key_Old);
  32   1        Key_Old = Key_Val;//持续按下
  33   1      }
  34          
  35          /* 信息处理函数 */
  36          void Seg_Proc()
  37          {
  38   1        if(Seg_Slow_Down) return;
  39   1        Seg_Slow_Down = 1;
  40   1        
  41   1        /* 信息读取函数 */
  42   1      //  Read_Rtc(Rtc);读时钟
  43   1      
  44   1        
  45   1        /* 数据处理函数 */
  46   1      
  47   1      }
  48          /* 其他显示函数*/
  49          void Led_Proc()
  50          {
  51   1        
  52   1      }
  53          
  54          /* 中断服务函数 */
C51 COMPILER V9.56.0.0   MAIN                                                              03/24/2025 23:14:53 PAGE 2   

  55          void Timer0_Server() interrupt 1
  56          {
  57   1        if(++Key_Slow_Down == 10) Key_Slow_Down = 0;
  58   1        if(++Seg_Slow_Down == 100) Seg_Slow_Down = 0;
  59   1        if(++Seg_Pos == 8) Seg_Pos = 0;
  60   1        Seg_Disp(Seg_Pos,Seg_Buf[Seg_Pos],Seg_Point[Seg_Pos]);
  61   1        Led_Disp(Seg_Pos,ucLed[Seg_Pos]);
  62   1      }
  63          
  64          
  65          /* 定时器初始化函数 */
  66          void Timer0_Init(void)    //1毫秒@12.000MHz
  67          {
  68   1        AUXR &= 0x7F;     //定时器时钟12T模式
  69   1        TMOD &= 0xF0;     //设置定时器模式
  70   1        TL0 = 0x18;       //设置定时初始值
  71   1        TH0 = 0xFC;       //设置定时初始值
  72   1        TF0 = 0;        //清除TF0标志
  73   1        TR0 = 1;        //定时器0开始计时
  74   1        ET0 = 1;        //中断定时器0打开
  75   1        EA = 1;         //总中断打开
  76   1      }
  77          
  78          
  79          /* Main */
  80          void main()
  81          {
  82   1        System_Init();//系统初始化（关闭灯，蜂鸣器）
  83   1        Timer0_Init();//定时器初始化
  84   1      //  Set_Rtc(Rtc);设置时间
  85   1        
  86   1        while(1)
  87   1        {
  88   2          Seg_Proc();
  89   2          Key_Proc();
  90   2          Led_Proc();   
  91   2        }
  92   1      }
  93          
  94          
  95          


MODULE INFORMATION:   STATIC OVERLAYABLE
   CODE SIZE        =    227    ----
   CONSTANT SIZE    =   ----    ----
   XDATA SIZE       =   ----    ----
   PDATA SIZE       =   ----    ----
   DATA SIZE        =     36    ----
   IDATA SIZE       =   ----    ----
   BIT SIZE         =   ----    ----
END OF MODULE INFORMATION.


C51 COMPILATION COMPLETE.  0 WARNING(S),  0 ERROR(S)
