C51 COMPILER V9.56.0.0   SEG                                                               03/24/2025 23:14:54 PAGE 1   


C51 COMPILER V9.56.0.0, COMPILATION OF MODULE SEG
OBJECT MODULE PLACED IN .\Objects\Seg.obj
COMPILER INVOKED BY: E:\Keilv5\C51\BIN\C51.EXE ..\Drive\Seg.c OPTIMIZE(8,SPEED) BROWSE INCDIR(..\Drive) DEBUG OBJECTEXTE
                    -ND PRINT(.\Listings\Seg.lst) TABS(2) OBJECT(.\Objects\Seg.obj)

line level    source

   1          #include "Seg.h"
   2          
   3          unsigned char Seg_Dula[] = {0xc0,0xf9,0xa4,0xb0,0x99,0x92,0x82,0xf8,0x80,0x90,0xff,0xbf};
   4          unsigned char Seg_Wela[] = {0x01,0x02,0x04,0x08,0x10,0x20,0x40,0x80};
   5          
   6          void Seg_Disp(unsigned char Wela,Dula,Point) //Point=1 时为有小数点
   7          {
   8   1        P0 = 0xff; //消影
   9   1        P2 = P2 & 0x1f | 0xe0;
  10   1        P2 &= 0x1f;
  11   1        
  12   1        P0 = Seg_Wela[Wela];
  13   1        P2 = P2 & 0x1f | 0xc0;
  14   1        P2 &= 0x1f;
  15   1        
  16   1        P0 = Seg_Dula[Dula];
  17   1        P2 = P2 & 0x1f | 0xe0;
  18   1        P2 &= 0x1f;
  19   1        
  20   1        if(Point) P0 &= 0x7f;
  21   1        P2 = P2 & 0x1f | 0xe0;
  22   1        P2 &= 0x1f;
  23   1          
  24   1      }


MODULE INFORMATION:   STATIC OVERLAYABLE
   CODE SIZE        =     69    ----
   CONSTANT SIZE    =   ----    ----
   XDATA SIZE       =   ----    ----
   PDATA SIZE       =   ----    ----
   DATA SIZE        =     20    ----
   IDATA SIZE       =   ----    ----
   BIT SIZE         =   ----    ----
END OF MODULE INFORMATION.


C51 COMPILATION COMPLETE.  0 WARNING(S),  0 ERROR(S)
