C51 COMPILER V9.56.0.0   LED                                                               04/08/2025 23:08:04 PAGE 1   


C51 COMPILER V9.56.0.0, COMPILATION OF MODULE LED
OBJECT MODULE PLACED IN .\Objects\Led.obj
COMPILER INVOKED BY: E:\Keilv5\C51\BIN\C51.EXE ..\Drive\Led.c OPTIMIZE(8,SPEED) BROWSE INCDIR(..\Drive) DEBUG OBJECTEXTE
                    -ND PRINT(.\Listings\Led.lst) TABS(2) OBJECT(.\Objects\Led.obj)

line level    source

   1          #include "Led.h"
   2          
   3          void Led_Disp(unsigned char addr, enable) //enableÎª1Ê±ÎªÁÁ
   4          {
   5   1        static unsigned char temp = 0x00;
   6   1        static unsigned char temp_old = 0xff;
   7   1        
   8   1        if(enable)
   9   1        {
  10   2          temp |= 0x01 << addr;
  11   2        }
  12   1        else
  13   1        {
  14   2          temp &= ~(0x01 << addr);
  15   2        }
  16   1        
  17   1        if(temp != temp_old)
  18   1        {
  19   2          P0 = ~temp;
  20   2          P2 = P2 & 0x1f | 0x80;
  21   2          P2 &= 0x1f;
  22   2          temp_old = temp;
  23   2        }
  24   1      }


MODULE INFORMATION:   STATIC OVERLAYABLE
   CODE SIZE        =     59    ----
   CONSTANT SIZE    =   ----    ----
   XDATA SIZE       =   ----    ----
   PDATA SIZE       =   ----    ----
   DATA SIZE        =      2    ----
   IDATA SIZE       =   ----    ----
   BIT SIZE         =   ----    ----
END OF MODULE INFORMATION.


C51 COMPILATION COMPLETE.  0 WARNING(S),  0 ERROR(S)
