C51 COMPILER V9.56.0.0   ONEWIRE                                                           04/08/2025 23:08:04 PAGE 1   


C51 COMPILER V9.56.0.0, COMPILATION OF MODULE ONEWIRE
OBJECT MODULE PLACED IN .\Objects\onewire.obj
COMPILER INVOKED BY: E:\Keilv5\C51\BIN\C51.EXE ..\Drive\onewire.c OPTIMIZE(8,SPEED) BROWSE INCDIR(..\Drive) DEBUG OBJECT
                    -EXTEND PRINT(.\Listings\onewire.lst) TABS(2) OBJECT(.\Objects\onewire.obj)

line level    source

   1          #include<onewire.h>
   2          #include "intrins.h"
   3          sbit DQ = P1^4;
   4          //
   5          
   6          void Delay4us(void) //@12.000MHz
   7          {
   8   1        unsigned char data i;
   9   1      
  10   1        _nop_();
  11   1        _nop_();
  12   1        i = 9;
  13   1        while (--i);
  14   1      }
  15          
  16          void Delay_OneWire(unsigned int t)  
  17          {
  18   1        unsigned char i;
  19   1        while(t--){
  20   2          for(i=0;i<12;i++);
  21   2        }
  22   1      }
  23          
  24          //
  25          void Write_DS18B20(unsigned char dat)
  26          {
  27   1        unsigned char i;
  28   1        for(i=0;i<8;i++)
  29   1        {
  30   2          DQ = 0;
  31   2          DQ = dat&0x01;
  32   2          Delay_OneWire(5);
  33   2          DQ = 1;
  34   2          dat >>= 1;
  35   2        }
  36   1        Delay_OneWire(5);
  37   1      }
  38          
  39          //
  40          unsigned char Read_DS18B20(void)
  41          {
  42   1        unsigned char i;
  43   1        unsigned char dat;
  44   1        
  45   1        for(i=0;i<8;i++)
  46   1        {
  47   2          DQ = 0;
  48   2          dat >>= 1;
  49   2          DQ = 1;
  50   2      //    Delay4us();
  51   2          if(DQ)
  52   2          {
  53   3            dat |= 0x80;
  54   3          }     
C51 COMPILER V9.56.0.0   ONEWIRE                                                           04/08/2025 23:08:04 PAGE 2   

  55   2          Delay_OneWire(5);
  56   2        }
  57   1        return dat;
  58   1      }
  59          
  60          //
  61          bit init_ds18b20(void)
  62          {
  63   1          bit initflag = 0;
  64   1          
  65   1          DQ = 1;
  66   1          Delay_OneWire(12);
  67   1          DQ = 0;
  68   1          Delay_OneWire(80);
  69   1          DQ = 1;
  70   1          Delay_OneWire(10); 
  71   1          initflag = DQ;     
  72   1          Delay_OneWire(5);
  73   1        
  74   1          return initflag;
  75   1      }
  76          
  77          
  78          float Read_T()
  79          {
  80   1        unsigned char low,high;
  81   1        init_ds18b20();
  82   1        Write_DS18B20(0xcc);//跳过查找
  83   1        Write_DS18B20(0x44);//转换温度
  84   1      //  Delay_OneWire(200);
  85   1        init_ds18b20();
  86   1        Write_DS18B20(0xcc);//跳过查找
  87   1        Write_DS18B20(0xbe);//转换温度
  88   1        low = Read_DS18B20();
  89   1        high = Read_DS18B20();
  90   1        
  91   1        return ((high << 8 | low) /16.0 );
  92   1        }   


MODULE INFORMATION:   STATIC OVERLAYABLE
   CODE SIZE        =    181    ----
   CONSTANT SIZE    =   ----    ----
   XDATA SIZE       =   ----    ----
   PDATA SIZE       =   ----    ----
   DATA SIZE        =   ----    ----
   IDATA SIZE       =   ----    ----
   BIT SIZE         =   ----       1
END OF MODULE INFORMATION.


C51 COMPILATION COMPLETE.  0 WARNING(S),  0 ERROR(S)
