C51 COMPILER V9.56.0.0   KEY                                                               02/25/2025 21:15:47 PAGE 1   


C51 COMPILER V9.56.0.0, COMPILATION OF MODULE KEY
OBJECT MODULE PLACED IN .\Objects\Key.obj
COMPILER INVOKED BY: E:\Keilv5\C51\BIN\C51.EXE ..\Drive\Key.c OPTIMIZE(8,SPEED) BROWSE INCDIR(..\Drive) DEBUG OBJECTEXTE
                    -ND PRINT(.\Listings\Key.lst) TABS(2) OBJECT(.\Objects\Key.obj)

line level    source

   1          //#include "Key.h"
   2          
   3          //unsigned char Key_Read()
   4          //{
   5          //  unsigned char temp = 0;
   6          //  if(P3_4==0) temp = 1;
   7          //  if(P3_5==0) temp = 2;
   8          //  if(P3_6==0) temp = 3;
   9          //  if(P3_7==0) temp = 4;
  10          
  11          //  return temp;
  12          //}
  13          
  14          #include "Key.h"
  15          
  16          
  17          unsigned char Key_Read()
  18          {
  19   1        unsigned char temp = 0;
  20   1      
  21   1        P3_0 = 0;P3_1 = 1;P3_2 = 1;P3_3 = 1;
  22   1        if(P3_4 == 0) temp = 1;
  23   1        if(P3_5 == 0) temp = 2;
  24   1        if(P3_6 == 0) temp = 3;
  25   1        if(P3_7 == 0) temp = 4;
  26   1        
  27   1        P3_0 = 1;P3_1 = 0;P3_2 = 1;P3_3 = 1;
  28   1        if(P3_4 == 0) temp = 5;
  29   1        if(P3_5 == 0) temp = 6;
  30   1        if(P3_6 == 0) temp = 7;
  31   1        if(P3_7 == 0) temp = 8;
  32   1        P3_0 = 1;P3_1 = 1;P3_2 = 0;P3_3 = 1;
  33   1        if(P3_4 == 0) temp = 9;
  34   1        if(P3_5 == 0) temp = 10;
  35   1        if(P3_6 == 0) temp = 11;
  36   1        if(P3_7 == 0) temp = 12;
  37   1        P3_0 = 1;P3_1 = 1;P3_2 = 1;P3_3 = 0;
  38   1        if(P3_4 == 0) temp = 13;
  39   1        if(P3_5 == 0) temp = 14;
  40   1        if(P3_6 == 0) temp = 15;
  41   1        if(P3_7 == 0) temp = 16;
  42   1        
  43   1        
  44   1        return temp;
  45   1      }


MODULE INFORMATION:   STATIC OVERLAYABLE
   CODE SIZE        =    114    ----
   CONSTANT SIZE    =   ----    ----
   XDATA SIZE       =   ----    ----
   PDATA SIZE       =   ----    ----
   DATA SIZE        =   ----    ----
   IDATA SIZE       =   ----    ----
C51 COMPILER V9.56.0.0   KEY                                                               02/25/2025 21:15:47 PAGE 2   

   BIT SIZE         =   ----    ----
END OF MODULE INFORMATION.


C51 COMPILATION COMPLETE.  0 WARNING(S),  0 ERROR(S)
