C51 COMPILER V9.56.0.0   DELAY                                                             02/19/2025 00:49:45 PAGE 1   


C51 COMPILER V9.56.0.0, COMPILATION OF MODULE DELAY
OBJECT MODULE PLACED IN .\Objects\Delay.obj
COMPILER INVOKED BY: E:\Keilv5\C51\BIN\C51.EXE Delay.c OPTIMIZE(8,SPEED) BROWSE DEBUG OBJECTEXTEND PRINT(.\Listings\Dela
                    -y.lst) TABS(2) OBJECT(.\Objects\Delay.obj)

line level    source

   1          unsigned int Delay(unsigned int xms)  //@12.000MHz
   2          {
   3   1        for(;xms--;xms<=0)
   4   1        {
   5   2        
   6   2        unsigned char data i, j;
   7   2      
   8   2        i = 2;
   9   2        j = 239;
  10   2        do
  11   2        {
  12   3          while (--j);
  13   3        } while (--i);
  14   2        
  15   2        }
  16   1        return 0;
  17   1      }


MODULE INFORMATION:   STATIC OVERLAYABLE
   CODE SIZE        =     28    ----
   CONSTANT SIZE    =   ----    ----
   XDATA SIZE       =   ----    ----
   PDATA SIZE       =   ----    ----
   DATA SIZE        =   ----       2
   IDATA SIZE       =   ----    ----
   BIT SIZE         =   ----    ----
END OF MODULE INFORMATION.


C51 COMPILATION COMPLETE.  0 WARNING(S),  0 ERROR(S)
