C51 COMPILER V9.56.0.0   KEY                                                               02/19/2025 00:49:45 PAGE 1   


C51 COMPILER V9.56.0.0, COMPILATION OF MODULE KEY
OBJECT MODULE PLACED IN .\Objects\Key.obj
COMPILER INVOKED BY: E:\Keilv5\C51\BIN\C51.EXE Key.c OPTIMIZE(8,SPEED) BROWSE DEBUG OBJECTEXTEND PRINT(.\Listings\Key.ls
                    -t) TABS(2) OBJECT(.\Objects\Key.obj)

line level    source

   1          #include <REGX52.H>
   2          
   3          
   4          unsigned char Key_read()
   5          {
   6   1        unsigned char temp = 0;
   7   1        if(P3_4==0) temp = 1;
   8   1        if(P3_5==0) temp = 2;
   9   1        if(P3_6==0) temp = 3;
  10   1        if(P3_7==0) temp = 4;
  11   1      
  12   1        return temp;
  13   1      }
  14          
  15          
  16          //Key_val =Key_read; //Ω®¬Î÷µ
  17          //Key_down = Key_val & (Key_val ^ Key_old); //ºÏ≤‚œ¬Ωµ—ÿ 
  18          //Key_up = ~Key_val & (Key_val ^ Key_old); //ºÏ≤‚…œ…˝—ÿ
  19          //Key_old = Key_val;//∏®÷˙ºÏ≤‚


MODULE INFORMATION:   STATIC OVERLAYABLE
   CODE SIZE        =     22    ----
   CONSTANT SIZE    =   ----    ----
   XDATA SIZE       =   ----    ----
   PDATA SIZE       =   ----    ----
   DATA SIZE        =   ----    ----
   IDATA SIZE       =   ----    ----
   BIT SIZE         =   ----    ----
END OF MODULE INFORMATION.


C51 COMPILATION COMPLETE.  0 WARNING(S),  0 ERROR(S)
