C51 COMPILER V9.56.0.0   MAIN                                                              02/19/2025 00:49:44 PAGE 1   


C51 COMPILER V9.56.0.0, COMPILATION OF MODULE MAIN
OBJECT MODULE PLACED IN .\Objects\main.obj
COMPILER INVOKED BY: E:\Keilv5\C51\BIN\C51.EXE main.c OPTIMIZE(8,SPEED) BROWSE DEBUG OBJECTEXTEND PRINT(.\Listings\main.
                    -lst) TABS(2) OBJECT(.\Objects\main.obj)

line level    source

   1          #include <REGX52.H>
   2          #include "Key.h"
   3          #include <intrins.h> 
   4          #include "Delay.h"
   5          
   6          unsigned char Key_val,Key_down,Key_up,Key_old;
   7          unsigned char SystemFlag=1;
   8          unsigned char LedMod=1;
   9          unsigned char Led = 0xfe;
  10          unsigned char Led2[4] = {0x7e,0xbd,0xdb,0xe7};
  11          unsigned char Led2num=0;
  12          
  13          void main ()
  14          {
  15   1        
  16   1        
  17   1        while(1)
  18   1        {
  19   2          Key_val = Key_read();
  20   2          Key_down = Key_val & (Key_val ^ Key_old);
  21   2          Key_up = ~Key_val & (Key_val ^ Key_old);
  22   2          Key_old = Key_val;
  23   2          
  24   2          switch(Key_up)
  25   2          {
  26   3            case 1:
  27   3              SystemFlag = 1;//Æô¶¯
  28   3            break;
  29   3            case 2:
  30   3              SystemFlag = 0;//ÔÝÍ£
  31   3            break;
  32   3            case 3:
  33   3              LedMod++;
  34   3              if(LedMod>4) LedMod = 1;
  35   3            break;
  36   3            case 4:
  37   3              LedMod--;
  38   3              if(LedMod<1) LedMod =4;
  39   3            break;
  40   3            
  41   3          }
  42   2          
  43   2      
  44   2            if(SystemFlag == 1)
  45   2            {
  46   3              switch(LedMod)
  47   3              {
  48   4                case 1:
  49   4                  P1 = Led;
  50   4                  Delay(500);
  51   4                  Led = _crol_(Led,1); 
  52   4                break;
  53   4                case 2:
  54   4                  P1 = Led;
C51 COMPILER V9.56.0.0   MAIN                                                              02/19/2025 00:49:44 PAGE 2   

  55   4                  Delay(500);
  56   4                  Led = _cror_(Led,1);
  57   4                break;
  58   4                case 3:
  59   4                  P1 = Led2[Led2num];
  60   4                  Delay(500);
  61   4                  Led2num++;
  62   4                  if(Led2num>3) Led2num = 0;
  63   4                break;
  64   4                case 4:
  65   4                  P1= Led2[Led2num];
  66   4                  Delay(500);
  67   4                  Led2num--;
  68   4                  if(Led2num == 255) Led2num = 3;
  69   4                break;
  70   4              }
  71   3            }
  72   2          } 
  73   1        }
  74          
  75          


MODULE INFORMATION:   STATIC OVERLAYABLE
   CODE SIZE        =    209    ----
   CONSTANT SIZE    =   ----    ----
   XDATA SIZE       =   ----    ----
   PDATA SIZE       =   ----    ----
   DATA SIZE        =     12    ----
   IDATA SIZE       =   ----    ----
   BIT SIZE         =   ----    ----
END OF MODULE INFORMATION.


C51 COMPILATION COMPLETE.  0 WARNING(S),  0 ERROR(S)
