C51 COMPILER V9.56.0.0   DS1302                                                            03/06/2025 22:43:35 PAGE 1   


C51 COMPILER V9.56.0.0, COMPILATION OF MODULE DS1302
OBJECT MODULE PLACED IN .\Objects\ds1302.obj
COMPILER INVOKED BY: E:\Keilv5\C51\BIN\C51.EXE Drive\ds1302.c OPTIMIZE(8,SPEED) BROWSE INCDIR(.\Drive) DEBUG OBJECTEXTEN
                    -D PRINT(.\Listings\ds1302.lst) TABS(2) OBJECT(.\Objects\ds1302.obj)

line level    source

   1          #include "ds1302.h"           
   2          
   3          sbit SCK = P1^7;
   4          sbit SDA = P2^3;
   5          sbit RST = P1^3;
   6          
   7          void Write_Ds1302(unsigned  char temp) 
   8          {
   9   1        unsigned char i;
  10   1        for (i=0;i<8;i++)       
  11   1        { 
  12   2          SCK = 0;
  13   2          SDA = temp&0x01;
  14   2          temp>>=1; 
  15   2          SCK=1;
  16   2        }
  17   1      }   
  18          
  19          //
  20          void Write_Ds1302_Byte( unsigned char address,unsigned char dat )     
  21          {
  22   1        RST=0;  _nop_();
  23   1        SCK=0;  _nop_();
  24   1        RST=1;  _nop_();  
  25   1        Write_Ds1302(address);  
  26   1        Write_Ds1302(dat);    
  27   1        RST=0; 
  28   1      }
  29          
  30          //
  31          unsigned char Read_Ds1302_Byte ( unsigned char address )
  32          {
  33   1        unsigned char i,temp=0x00;
  34   1        RST=0;  _nop_();
  35   1        SCK=0;  _nop_();
  36   1        RST=1;  _nop_();
  37   1        Write_Ds1302(address);
  38   1        for (i=0;i<8;i++)   
  39   1        {   
  40   2          SCK=0;
  41   2          temp>>=1; 
  42   2          if(SDA)
  43   2          temp|=0x80; 
  44   2          SCK=1;
  45   2        } 
  46   1        RST=0;  _nop_();
  47   1        SCK=0;  _nop_();
  48   1        SCK=1;  _nop_();
  49   1        SDA=0;  _nop_();
  50   1        SDA=1;  _nop_();
  51   1        return (temp);      
  52   1      }
  53          
  54          void Set_Rtc(unsigned char* ucRtc)
C51 COMPILER V9.56.0.0   DS1302                                                            03/06/2025 22:43:35 PAGE 2   

  55          {
  56   1        Write_Ds1302_Byte(0x8e,0x00);
  57   1        Write_Ds1302_Byte(0x84,ucRtc[0]);//小时
  58   1        Write_Ds1302_Byte(0x82,ucRtc[1]);//分钟
  59   1        Write_Ds1302_Byte(0x80,ucRtc[2]);//秒
  60   1        Write_Ds1302_Byte(0x8e,0x80);
  61   1      }
  62          
  63          void Read_Rtc(unsigned char* ucRtc)
  64          {
  65   1        ucRtc[0] = Read_Ds1302_Byte(0x85);//小时
  66   1        ucRtc[1] = Read_Ds1302_Byte(0x83);//分钟
  67   1        ucRtc[2] = Read_Ds1302_Byte(0x81);//秒
  68   1      }
  69          
  70          void Set_Date(unsigned char* ucDate)
  71          {
  72   1        Write_Ds1302_Byte(0x8e,0x00);
  73   1        Write_Ds1302_Byte(0x8c,ucDate[0]);//年
  74   1        Write_Ds1302_Byte(0x88,ucDate[1]);//月
  75   1        Write_Ds1302_Byte(0x86,ucDate[2]);//日
  76   1        Write_Ds1302_Byte(0x8e,0x80);
  77   1      }
  78          
  79          void Read_Date(unsigned char* ucDate)
  80          {
  81   1        ucDate[0] = Read_Ds1302_Byte(0x8d);//年
  82   1        ucDate[1] = Read_Ds1302_Byte(0x89);//月
  83   1        ucDate[2] = Read_Ds1302_Byte(0x87);//日
  84   1      }


MODULE INFORMATION:   STATIC OVERLAYABLE
   CODE SIZE        =    251    ----
   CONSTANT SIZE    =   ----    ----
   XDATA SIZE       =   ----    ----
   PDATA SIZE       =   ----    ----
   DATA SIZE        =   ----    ----
   IDATA SIZE       =   ----    ----
   BIT SIZE         =   ----    ----
END OF MODULE INFORMATION.


C51 COMPILATION COMPLETE.  0 WARNING(S),  0 ERROR(S)
