C51 COMPILER V9.56.0.0   IIC                                                               03/10/2025 22:38:09 PAGE 1   


C51 COMPILER V9.56.0.0, COMPILATION OF MODULE IIC
OBJECT MODULE PLACED IN .\Objects\iic.obj
COMPILER INVOKED BY: E:\Keilv5\C51\BIN\C51.EXE ..\Drive\iic.c OPTIMIZE(8,SPEED) BROWSE INCDIR(..\Drive) DEBUG OBJECTEXTE
                    -ND PRINT(.\Listings\iic.lst) TABS(2) OBJECT(.\Objects\iic.obj)

line level    source

   1          #define DELAY_TIME  5
   2          #include <iic.h>
   3          //
   4          static void I2C_Delay(unsigned char n)
   5          {
   6   1          do
   7   1          {
   8   2              _nop_();_nop_();_nop_();_nop_();_nop_();
   9   2              _nop_();_nop_();_nop_();_nop_();_nop_();
  10   2              _nop_();_nop_();_nop_();_nop_();_nop_();    
  11   2          }
  12   1          while(n--);       
  13   1      }
  14          
  15          //
  16          void I2CStart(void)
  17          {
  18   1          sda = 1;
  19   1          scl = 1;
  20   1        I2C_Delay(DELAY_TIME);
  21   1          sda = 0;
  22   1        I2C_Delay(DELAY_TIME);
  23   1          scl = 0;    
  24   1      }
  25          
  26          //
  27          void I2CStop(void)
  28          {
  29   1          sda = 0;
  30   1          scl = 1;
  31   1        I2C_Delay(DELAY_TIME);
  32   1          sda = 1;
  33   1        I2C_Delay(DELAY_TIME);
  34   1      }
  35          
  36          //
  37          void I2CSendByte(unsigned char byt)
  38          {
  39   1          unsigned char i;
  40   1        
  41   1          for(i=0; i<8; i++){
  42   2              scl = 0;
  43   2          I2C_Delay(DELAY_TIME);
  44   2              if(byt & 0x80){
  45   3                  sda = 1;
  46   3              }
  47   2              else{
  48   3                  sda = 0;
  49   3              }
  50   2          I2C_Delay(DELAY_TIME);
  51   2              scl = 1;
  52   2              byt <<= 1;
  53   2          I2C_Delay(DELAY_TIME);
  54   2          }
C51 COMPILER V9.56.0.0   IIC                                                               03/10/2025 22:38:09 PAGE 2   

  55   1        
  56   1          scl = 0;  
  57   1      }
  58          
  59          //
  60          unsigned char I2CReceiveByte(void)
  61          {
  62   1        unsigned char da;
  63   1        unsigned char i;
  64   1        for(i=0;i<8;i++){   
  65   2          scl = 1;
  66   2          I2C_Delay(DELAY_TIME);
  67   2          da <<= 1;
  68   2          if(sda) 
  69   2            da |= 0x01;
  70   2          scl = 0;
  71   2          I2C_Delay(DELAY_TIME);
  72   2        }
  73   1        return da;    
  74   1      }
  75          
  76          //
  77          unsigned char I2CWaitAck(void)
  78          {
  79   1        unsigned char ackbit;
  80   1        
  81   1          scl = 1;
  82   1        I2C_Delay(DELAY_TIME);
  83   1          ackbit = sda; 
  84   1          scl = 0;
  85   1        I2C_Delay(DELAY_TIME);
  86   1        
  87   1        return ackbit;
  88   1      }
  89          
  90          //
  91          void I2CSendAck(unsigned char ackbit)
  92          {
  93   1          scl = 0;
  94   1          sda = ackbit; 
  95   1        I2C_Delay(DELAY_TIME);
  96   1          scl = 1;
  97   1        I2C_Delay(DELAY_TIME);
  98   1          scl = 0; 
  99   1        sda = 1;
 100   1        I2C_Delay(DELAY_TIME);
 101   1      }
 102          
 103          
 104          unsigned char Ad_Read(unsigned char addr)
 105          {
 106   1        unsigned char temp;
 107   1        I2CStart();
 108   1        I2CSendByte(0x90);
 109   1        I2CWaitAck();
 110   1        I2CSendByte(addr);
 111   1        I2CWaitAck();
 112   1        I2CStart();
 113   1        I2CSendByte(0x91);
 114   1        I2CWaitAck();
 115   1        temp = I2CReceiveByte();
 116   1        I2CSendAck(1);
C51 COMPILER V9.56.0.0   IIC                                                               03/10/2025 22:38:09 PAGE 3   

 117   1        I2CStop();
 118   1        return temp;
 119   1      }
 120          
 121          void Da_Write(unsigned char dat)
 122          {
 123   1        I2CStart();
 124   1        I2CSendByte(0x90);
 125   1        I2CWaitAck();
 126   1        I2CSendByte(0x41);
 127   1        I2CWaitAck();
 128   1        I2CSendByte(dat);
 129   1        I2CWaitAck();
 130   1        I2CStop();
 131   1      }


MODULE INFORMATION:   STATIC OVERLAYABLE
   CODE SIZE        =    237    ----
   CONSTANT SIZE    =   ----    ----
   XDATA SIZE       =   ----    ----
   PDATA SIZE       =   ----    ----
   DATA SIZE        =   ----    ----
   IDATA SIZE       =   ----    ----
   BIT SIZE         =   ----    ----
END OF MODULE INFORMATION.


C51 COMPILATION COMPLETE.  0 WARNING(S),  0 ERROR(S)
