C51 COMPILER V9.56.0.0   MAIN                                                              03/01/2025 22:37:33 PAGE 1   


C51 COMPILER V9.56.0.0, COMPILATION OF MODULE MAIN
OBJECT MODULE PLACED IN .\Objects\main.obj
COMPILER INVOKED BY: E:\Keilv5\C51\BIN\C51.EXE User\main.c OPTIMIZE(8,SPEED) BROWSE INCDIR(.\Drive) DEBUG OBJECTEXTEND P
                    -RINT(.\Listings\main.lst) TABS(2) OBJECT(.\Objects\main.obj)

line level    source

   1          /* 头文件声明区 */
   2          #include <Init.h>
   3          #include <Led.h>
   4          #include <STC15F2K60S2.H>
   5          
   6          
   7          /* Main */
   8          void main()
   9          {
  10   1        System_Init();
  11   1        
  12   1        while(1)
  13   1        {
  14   2          Led_Disp(3,1);
  15   2        }
  16   1      }


MODULE INFORMATION:   STATIC OVERLAYABLE
   CODE SIZE        =     14    ----
   CONSTANT SIZE    =   ----    ----
   XDATA SIZE       =   ----    ----
   PDATA SIZE       =   ----    ----
   DATA SIZE        =   ----    ----
   IDATA SIZE       =   ----    ----
   BIT SIZE         =   ----    ----
END OF MODULE INFORMATION.


C51 COMPILATION COMPLETE.  0 WARNING(S),  0 ERROR(S)
