C51 COMPILER V9.56.0.0   KEY                                                               02/27/2025 00:22:58 PAGE 1   


C51 COMPILER V9.56.0.0, COMPILATION OF MODULE KEY
OBJECT MODULE PLACED IN .\Objects\Key.obj
COMPILER INVOKED BY: E:\Keilv5\C51\BIN\C51.EXE Drive\Key.c OPTIMIZE(8,SPEED) BROWSE INCDIR(.\Drive) DEBUG OBJECTEXTEND P
                    -RINT(.\Listings\Key.lst) TABS(2) OBJECT(.\Objects\Key.obj)

line level    source

   1          #include "Key.h"
   2          
   3          
   4          unsigned char Key_Read()
   5          {
   6   1        unsigned char temp = 0;
   7   1      
   8   1        P3_0 = 0;P3_1 = 1;P3_2 = 1;P3_3 = 1;
   9   1        if(P3_4 == 0) temp = 1;
  10   1        if(P3_5 == 0) temp = 2;
  11   1        if(P3_6 == 0) temp = 3;
  12   1        if(P3_7 == 0) temp = 4;
  13   1        
  14   1        P3_0 = 1;P3_1 = 0;P3_2 = 1;P3_3 = 1;
  15   1        if(P3_4 == 0) temp = 5;
  16   1        if(P3_5 == 0) temp = 6;
  17   1        if(P3_6 == 0) temp = 7;
  18   1        if(P3_7 == 0) temp = 8;
  19   1        P3_0 = 1;P3_1 = 1;P3_2 = 0;P3_3 = 1;
  20   1        if(P3_4 == 0) temp = 9;
  21   1        if(P3_5 == 0) temp = 10;
  22   1        if(P3_6 == 0) temp = 11;
  23   1        if(P3_7 == 0) temp = 12;
  24   1        P3_0 = 1;P3_1 = 1;P3_2 = 1;P3_3 = 0;
  25   1        if(P3_4 == 0) temp = 13;
  26   1        if(P3_5 == 0) temp = 14;
  27   1        if(P3_6 == 0) temp = 15;
  28   1        if(P3_7 == 0) temp = 16;
  29   1        
  30   1        
  31   1        return temp;
  32   1      }


MODULE INFORMATION:   STATIC OVERLAYABLE
   CODE SIZE        =    114    ----
   CONSTANT SIZE    =   ----    ----
   XDATA SIZE       =   ----    ----
   PDATA SIZE       =   ----    ----
   DATA SIZE        =   ----    ----
   IDATA SIZE       =   ----    ----
   BIT SIZE         =   ----    ----
END OF MODULE INFORMATION.


C51 COMPILATION COMPLETE.  0 WARNING(S),  0 ERROR(S)
