C51 COMPILER V9.56.0.0   INIT                                                              04/12/2025 23:49:10 PAGE 1   


C51 COMPILER V9.56.0.0, COMPILATION OF MODULE INIT
OBJECT MODULE PLACED IN .\Objects\Init.obj
COMPILER INVOKED BY: E:\Keilv5\C51\BIN\C51.EXE ..\Driver\Init.c OPTIMIZE(8,SPEED) BROWSE INCDIR(..\Driver) DEBUG OBJECTE
                    -XTEND PRINT(.\Listings\Init.lst) TABS(2) OBJECT(.\Objects\Init.obj)

line level    source

   1          #include <Init.h>
   2          
   3          void Sys_Init()
   4          {
   5   1        unsigned char temp;
   6   1        P0 = 0xff;//µÆ
   7   1        temp = P2 & 0x1f | 0x80;
   8   1        P2 = temp;
   9   1        temp = P2 & 0x1f;
  10   1        P2 = temp;
  11   1        
  12   1        P0 = 0x00;
  13   1        temp = P2 & 0x1f | 0xa0;
  14   1        P2 = temp;
  15   1        temp = P2 & 0x1f;
  16   1        P2 = temp;
  17   1      }


MODULE INFORMATION:   STATIC OVERLAYABLE
   CODE SIZE        =     35    ----
   CONSTANT SIZE    =   ----    ----
   XDATA SIZE       =   ----    ----
   PDATA SIZE       =   ----    ----
   DATA SIZE        =   ----    ----
   IDATA SIZE       =   ----    ----
   BIT SIZE         =   ----    ----
END OF MODULE INFORMATION.


C51 COMPILATION COMPLETE.  0 WARNING(S),  0 ERROR(S)
