C51 COMPILER V9.56.0.0   UART                                                              04/13/2025 02:18:33 PAGE 1   


C51 COMPILER V9.56.0.0, COMPILATION OF MODULE UART
OBJECT MODULE PLACED IN .\Objects\Uart.obj
COMPILER INVOKED BY: E:\Keilv5\C51\BIN\C51.EXE ..\Driver\Uart.c OPTIMIZE(8,SPEED) BROWSE INCDIR(..\Driver) DEBUG OBJECTE
                    -XTEND PRINT(.\Listings\Uart.lst) TABS(2) OBJECT(.\Objects\Uart.obj)

line level    source

   1          #include <Uart.h>
   2          void Uart1_Init(void) //9600bps@12.000MHz
   3          {
   4   1        SCON = 0x50;    //8位数据,可变波特率
   5   1        AUXR |= 0x01;   //串口1选择定时器2为波特率发生器
   6   1        AUXR &= 0xFB;   //定时器时钟12T模式
   7   1        T2L = 0xE6;     //设置定时初始值
   8   1        T2H = 0xFF;     //设置定时初始值
   9   1        AUXR |= 0x10;   //定时器2开始计时
  10   1        ES = 1;       //使能串口1中断
  11   1        EA = 1;
  12   1      }
  13          
  14          void Uart_Send(unsigned char *str)
  15          {
  16   1        while(*str != '\0')
  17   1        {
  18   2          SBUF = *str++;
  19   2          while(TI==0);
  20   2          TI = 0;
  21   2        }
  22   1      }


MODULE INFORMATION:   STATIC OVERLAYABLE
   CODE SIZE        =     63    ----
   CONSTANT SIZE    =   ----    ----
   XDATA SIZE       =   ----    ----
   PDATA SIZE       =   ----    ----
   DATA SIZE        =   ----       3
   IDATA SIZE       =   ----    ----
   BIT SIZE         =   ----    ----
END OF MODULE INFORMATION.


C51 COMPILATION COMPLETE.  0 WARNING(S),  0 ERROR(S)
